<?xml version="1.0" encoding="UTF-8"?>
<!-- Generated by org.testng.reporters.JUnitXMLReporter -->
<testsuite hostname="DESKTOP-HM5G61C" ignored="2" name="API" tests="3" failures="0" timestamp="2019-09-27T22:15:31 EDT" time="5.9" errors="0">
  <testcase name="TC01_1" time="2.343" classname="com.starwars.testcases.APITestCases"/>
  <testcase name="TC01_2" time="0.433" classname="com.starwars.testcases.APITestCases"/>
  <testcase name="TC01_3" time="3.058" classname="com.starwars.testcases.APITestCases"/>
  <testcase name="videoPage" time="0.0" classname="com.starwars.testcases.HomePageTest">
    <ignored/>
  </testcase> <!-- videoPage -->
  <testcase name="filmsPage" time="0.0" classname="com.starwars.testcases.HomePageTest">
    <ignored/>
  </testcase> <!-- filmsPage -->
</testsuite> <!-- API -->
