<?xml version="1.0" encoding="UTF-8"?>
<!-- Generated by org.testng.reporters.JUnitXMLReporter -->
<testsuite hostname="DESKTOP-HM5G61C" ignored="6" tests="0" failures="0" timestamp="2019-09-28T12:38:59 EDT" time="0.006" errors="0">
  <testcase name="TC01_3" time="0.0" classname="com.starwars.testcases.APITestCases">
    <ignored/>
  </testcase> <!-- TC01_3 -->
  <testcase name="TC01_2" time="0.0" classname="com.starwars.testcases.APITestCases">
    <ignored/>
  </testcase> <!-- TC01_2 -->
  <testcase name="videoPage" time="0.0" classname="com.starwars.testcases.HomePageTest">
    <ignored/>
  </testcase> <!-- videoPage -->
  <testcase name="filmsPage" time="0.0" classname="com.starwars.testcases.HomePageTest">
    <ignored/>
  </testcase> <!-- filmsPage -->
  <testcase name="TC01_1" time="0.0" classname="com.starwars.testcases.APITestCases">
    <ignored/>
  </testcase> <!-- TC01_1 -->
  <testcase name="homePage" time="0.0" classname="com.starwars.testcases.HomePageTest">
    <ignored/>
  </testcase> <!-- homePage -->
</testsuite>
