<?xml version="1.0" encoding="UTF-8"?>
<!-- Generated by org.testng.reporters.JUnitXMLReporter -->
<testsuite hostname="DESKTOP-HM5G61C" ignored="0" name="Smoke" tests="6" failures="0" timestamp="2019-09-28T12:41:10 EDT" time="33.951" errors="0">
  <testcase name="TC01_1" time="2.214" classname="com.starwars.testcases.APITestCases"/>
  <testcase name="TC01_2" time="0.349" classname="com.starwars.testcases.APITestCases"/>
  <testcase name="TC01_3" time="2.834" classname="com.starwars.testcases.APITestCases"/>
  <testcase name="filmsPage" time="2.92" classname="com.starwars.testcases.HomePageTest"/>
  <testcase name="homePage" time="0.004" classname="com.starwars.testcases.HomePageTest"/>
  <testcase name="videoPage" time="2.731" classname="com.starwars.testcases.HomePageTest"/>
</testsuite> <!-- Smoke -->
