<?xml version="1.0" encoding="UTF-8"?>
<testng-results skipped="0" failed="0" ignored="0" total="1" passed="1">
  <reporter-output>
  </reporter-output>
  <suite name="Default suite" duration-ms="14419" started-at="2019-10-02T06:52:36 EDT" finished-at="2019-10-02T06:52:50 EDT">
    <groups>
      <group name="smoke">
        <method signature="HomePageTest.homePageOne()[pri:0, instance:com.trademark.testcases.HomePageTest@48503868]" name="homePageOne" class="com.trademark.testcases.HomePageTest"/>
      </group> <!-- smoke -->
    </groups>
    <test name="Default test" duration-ms="14419" started-at="2019-10-02T06:52:36 EDT" finished-at="2019-10-02T06:52:50 EDT">
      <class name="com.trademark.testcases.HomePageTest">
        <test-method status="PASS" signature="generateReport()[pri:0, instance:com.trademark.testcases.HomePageTest@48503868]" name="generateReport" is-config="true" duration-ms="114" started-at="2019-10-02T06:52:36 EDT" finished-at="2019-10-02T06:52:36 EDT">
          <reporter-output>
          </reporter-output>
        </test-method> <!-- generateReport -->
        <test-method status="PASS" signature="setUp()[pri:0, instance:com.trademark.testcases.HomePageTest@48503868]" name="setUp" is-config="true" duration-ms="7125" started-at="2019-10-02T06:52:36 EDT" finished-at="2019-10-02T06:52:43 EDT">
          <reporter-output>
          </reporter-output>
        </test-method> <!-- setUp -->
        <test-method status="PASS" signature="homePageOne()[pri:0, instance:com.trademark.testcases.HomePageTest@48503868]" name="homePageOne" duration-ms="7047" started-at="2019-10-02T06:52:43 EDT" finished-at="2019-10-02T06:52:50 EDT">
          <reporter-output>
          </reporter-output>
        </test-method> <!-- homePageOne -->
        <test-method status="PASS" signature="tearDown()[pri:0, instance:com.trademark.testcases.HomePageTest@48503868]" name="tearDown" is-config="true" duration-ms="97" started-at="2019-10-02T06:52:50 EDT" finished-at="2019-10-02T06:52:50 EDT">
          <reporter-output>
          </reporter-output>
        </test-method> <!-- tearDown -->
        <test-method status="PASS" signature="flushReport()[pri:0, instance:com.trademark.testcases.HomePageTest@48503868]" name="flushReport" is-config="true" duration-ms="3" started-at="2019-10-02T06:52:50 EDT" finished-at="2019-10-02T06:52:50 EDT">
          <reporter-output>
          </reporter-output>
        </test-method> <!-- flushReport -->
      </class> <!-- com.trademark.testcases.HomePageTest -->
    </test> <!-- Default test -->
  </suite> <!-- Default suite -->
</testng-results>
